nohup: ignoring input
Connected to SQLite database at /workspaces/AetherPressDeux/data/your-database-name.db
All tables and pragmas initialized successfully.
Database initialized successfully
Jobs DB opened at /workspaces/AetherPressDeux/server/data/jobs.db
[Puppeteer] Initialization attempt 1/5
[Puppeteer] Using Chrome executable at: /usr/bin/google-chrome-stable
PUPPETEER_SKIP_CHROMIUM_DOWNLOAD=true - will not download bundled Chromium on install.
[Puppeteer] Initialization successful
node:events:496
      throw er; // Unhandled 'error' event
      ^

Error: listen EADDRINUSE: address already in use 0.0.0.0:3000
    at Server.setupListenHandle [as _listen2] (node:net:1940:16)
    at listenInCluster (node:net:1997:12)
    at node:net:2206:7
    at process.processTicksAndRejections (node:internal/process/task_queues:90:21)
Emitted 'error' event on Server instance at:
    at emitErrorNT (node:net:1976:8)
    at process.processTicksAndRejections (node:internal/process/task_queues:90:21) {
  code: 'EADDRINUSE',
  errno: -98,
  syscall: 'listen',
  address: '0.0.0.0',
  port: 3000
}

Node.js v22.17.0
